<?xml version="1.0" encoding="UTF-8"?>
<!-- Generated by org.testng.reporters.JUnitReportReporter -->
<testsuite hostname="Godzilla-ASUSDesktop" failures="0" tests="1" name="com.inetbanking.testcases.TC_LoginTest_002" time="1.014" errors="0" timestamp="2023-08-22T20:24:32 MDT" skipped="0">
  <testcase classname="com.inetbanking.testcases.TC_LoginTest_002" name="loginTest" time="1.014"/>
  <system-out/>
</testsuite> <!-- com.inetbanking.testcases.TC_LoginTest_002 -->
